{"error":"Request failed with status code 400","level":"error","message":"Failed to get latest feed","timestamp":"2025-09-03T22:35:36.095Z"}
{"error":"Request failed with status code 400","level":"error","message":"Failed to get latest feed","timestamp":"2025-09-03T22:35:36.365Z"}
{"error":"Request failed with status code 400","level":"error","message":"Failed to get latest feed","timestamp":"2025-09-03T22:40:24.678Z"}
{"error":"Request failed with status code 400","level":"error","message":"Failed to get latest feed","timestamp":"2025-09-03T22:40:24.959Z"}
{"error":"Request failed with status code 400","level":"error","message":"Failed to get latest feed","timestamp":"2025-09-03T22:42:00.345Z"}
{"error":"Request failed with status code 400","level":"error","message":"Failed to get latest feed","timestamp":"2025-09-03T22:42:00.613Z"}
{"error":"Request failed with status code 400","level":"error","message":"Failed to get latest feed","timestamp":"2025-09-03T22:42:02.546Z"}
{"error":"Request failed with status code 400","level":"error","message":"Failed to get latest feed","timestamp":"2025-09-03T22:42:02.806Z"}
{"error":"Request failed with status code 400","level":"error","message":"Failed to get feeds","options":{"days":2,"results":800},"timestamp":"2025-09-03T22:43:13.941Z"}
{"error":"Request failed with status code 400","level":"error","message":"Failed to get latest feed","timestamp":"2025-09-03T22:43:13.971Z"}
{"error":"Request failed with status code 400","level":"error","message":"Failed to get channel info","timestamp":"2025-09-03T22:43:13.973Z"}
{"error":"Request failed with status code 400","level":"error","message":"ThingSpeak connection test failed","timestamp":"2025-09-03T22:43:13.973Z"}
{"detail":{"data":{"error":{"details":"The request cannot be fulfilled due to bad syntax.","error_code":"error_bad_request","message":"Bad Request"},"status":"400"},"status":400},"error":"Request failed with status code 400","level":"error","message":"Failed to get channel info","timestamp":"2025-09-03T22:47:55.782Z"}
{"error":"Request failed with status code 400","level":"error","message":"ThingSpeak connection test failed","timestamp":"2025-09-03T22:47:55.783Z"}
{"detail":{"data":-1,"status":400},"error":"Request failed with status code 400","level":"error","message":"Failed to get latest feed","timestamp":"2025-09-03T22:47:55.794Z"}
{"error":"Request failed with status code 400","level":"error","message":"Fallback feed retrieval failed","timestamp":"2025-09-03T22:47:56.069Z"}
{"detail":{"data":-1,"status":400},"error":"Request failed with status code 400","level":"error","message":"Failed to get feeds","options":{"days":2},"timestamp":"2025-09-03T22:47:56.070Z"}
{"detail":{"data":-1,"status":400},"error":"Request failed with status code 400","level":"error","message":"Failed to get latest feed","timestamp":"2025-09-03T23:12:03.549Z"}
{"detail":{"data":-1,"status":400},"error":"Request failed with status code 400","level":"error","message":"Failed to get latest feed","timestamp":"2025-09-03T23:12:06.360Z"}
{"detail":{"data":-1,"status":400},"error":"Request failed with status code 400","level":"error","message":"Failed to get latest feed","timestamp":"2025-09-03T23:12:06.657Z"}
{"detail":{"data":-1,"status":400},"error":"Request failed with status code 400","level":"error","message":"Failed to get latest feed","timestamp":"2025-09-03T23:12:08.929Z"}
{"detail":{"data":-1,"status":400},"error":"Request failed with status code 400","level":"error","message":"Failed to get latest feed","timestamp":"2025-09-03T23:12:09.198Z"}
{"error":"Request failed with status code 400","level":"error","message":"Fallback feed retrieval failed","timestamp":"2025-09-03T23:12:13.059Z"}
{"detail":{"data":-1,"status":400},"error":"Request failed with status code 400","level":"error","message":"Failed to get feeds","options":{"days":7},"timestamp":"2025-09-03T23:12:13.059Z"}
{"error":"Request failed with status code 400","level":"error","message":"Fallback feed retrieval failed","timestamp":"2025-09-03T23:12:13.595Z"}
{"detail":{"data":-1,"status":400},"error":"Request failed with status code 400","level":"error","message":"Failed to get feeds","options":{"days":7},"timestamp":"2025-09-03T23:12:13.595Z"}
{"detail":{"data":-1,"status":400},"error":"Request failed with status code 400","level":"error","message":"Failed to get latest feed","timestamp":"2025-09-03T23:12:38.019Z"}
{"error":"Request failed with status code 400","level":"error","message":"Fallback feed retrieval failed","timestamp":"2025-09-03T23:12:38.219Z"}
{"detail":{"data":-1,"status":400},"error":"Request failed with status code 400","level":"error","message":"Failed to get feeds","options":{"days":7},"timestamp":"2025-09-03T23:12:38.220Z"}
{"detail":{"data":-1,"status":400},"error":"Request failed with status code 400","level":"error","message":"Failed to get latest feed","timestamp":"2025-09-03T23:17:10.480Z"}
{"detail":{"data":-1,"status":400},"error":"Request failed with status code 400","level":"error","message":"Failed to get latest feed","timestamp":"2025-09-03T23:21:23.648Z"}
{"detail":{"data":-1,"status":400},"error":"Request failed with status code 400","level":"error","message":"Failed to get latest feed","timestamp":"2025-09-03T23:21:23.924Z"}
{"detail":{"data":-1,"status":400},"error":"Request failed with status code 400","level":"error","message":"Failed to get latest feed","timestamp":"2025-09-03T23:21:26.512Z"}
{"error":"Request failed with status code 400","level":"error","message":"Fallback feed retrieval failed","timestamp":"2025-09-03T23:21:27.266Z"}
{"detail":{"data":-1,"status":400},"error":"Request failed with status code 400","level":"error","message":"Failed to get feeds","options":{"days":7},"timestamp":"2025-09-03T23:21:27.267Z"}
{"detail":{"data":-1,"status":400},"error":"Request failed with status code 400","friendly":"ThingSpeak rejected the request (400). Verify channel ID and READ API key match and the channel is public or key has read access.","level":"error","message":"Failed to get latest feed","timestamp":"2025-09-03T23:26:24.496Z"}
{"detail":{"data":-1,"status":400},"error":"Request failed with status code 400","friendly":"ThingSpeak rejected the request (400). Verify channel ID and READ API key match and the channel is public or key has read access.","level":"error","message":"Failed to get latest feed","timestamp":"2025-09-03T23:29:02.461Z"}
{"detail":{"data":-1,"status":400},"error":"Request failed with status code 400","friendly":"ThingSpeak rejected the request (400). Verify channel ID and READ API key match and the channel is public or key has read access.","level":"error","message":"Failed to get latest feed","timestamp":"2025-09-03T23:29:02.742Z"}
{"detail":{"data":-1,"status":400},"error":"Request failed with status code 400","friendly":"ThingSpeak rejected the request (400). Verify channel ID and READ API key match and the channel is public or key has read access.","level":"error","message":"Failed to get latest feed","timestamp":"2025-09-03T23:34:03.193Z"}
{"detail":{"data":-1,"status":400},"error":"Request failed with status code 400","friendly":"ThingSpeak rejected the request (400). Verify channel ID and READ API key match and the channel is public or key has read access.","level":"error","message":"Failed to get latest feed","timestamp":"2025-09-03T23:34:44.273Z"}
{"detail":{"data":-1,"status":400},"error":"Request failed with status code 400","friendly":"ThingSpeak rejected the request (400). Verify channel ID and READ API key match and the channel is public or key has read access.","level":"error","message":"Failed to get latest feed","timestamp":"2025-09-03T23:34:44.541Z"}
{"error":"Request failed with status code 400","level":"error","message":"Fallback feed retrieval failed","timestamp":"2025-09-03T23:34:49.707Z"}
{"detail":{"data":-1,"status":400},"error":"Request failed with status code 400","friendly":"ThingSpeak request invalid (400). Check query parameters, channel ID, or READ API key.","level":"error","message":"Failed to get feeds","options":{"days":7},"timestamp":"2025-09-03T23:34:49.707Z"}
{"error":"Request failed with status code 400","level":"error","message":"Fallback feed retrieval failed","timestamp":"2025-09-03T23:34:50.244Z"}
{"detail":{"data":-1,"status":400},"error":"Request failed with status code 400","friendly":"ThingSpeak request invalid (400). Check query parameters, channel ID, or READ API key.","level":"error","message":"Failed to get feeds","options":{"days":7},"timestamp":"2025-09-03T23:34:50.245Z"}
{"detail":{"data":-1,"status":400},"error":"Request failed with status code 400","friendly":"ThingSpeak rejected the request (400). Verify channel ID and READ API key match and the channel is public or key has read access.","level":"error","message":"Failed to get latest feed","timestamp":"2025-09-03T23:35:57.876Z"}
{"detail":{"data":-1,"status":400},"error":"Request failed with status code 400","friendly":"ThingSpeak rejected the request (400). Verify channel ID and READ API key match and the channel is public or key has read access.","level":"error","message":"Failed to get latest feed","timestamp":"2025-09-03T23:35:58.132Z"}
{"error":"Request failed with status code 400","level":"error","message":"Fallback feed retrieval failed","timestamp":"2025-09-03T23:36:04.566Z"}
{"detail":{"data":-1,"status":400},"error":"Request failed with status code 400","friendly":"ThingSpeak request invalid (400). Check query parameters, channel ID, or READ API key.","level":"error","message":"Failed to get feeds","options":{"days":7},"timestamp":"2025-09-03T23:36:04.567Z"}
{"error":"Request failed with status code 400","level":"error","message":"Fallback feed retrieval failed","timestamp":"2025-09-03T23:36:05.091Z"}
{"detail":{"data":-1,"status":400},"error":"Request failed with status code 400","friendly":"ThingSpeak request invalid (400). Check query parameters, channel ID, or READ API key.","level":"error","message":"Failed to get feeds","options":{"days":7},"timestamp":"2025-09-03T23:36:05.091Z"}
{"detail":{"data":-1,"status":400},"error":"Request failed with status code 400","friendly":"ThingSpeak rejected the request (400). Verify channel ID and READ API key match and the channel is public or key has read access.","level":"error","message":"Failed to get latest feed","timestamp":"2025-09-03T23:37:01.477Z"}
{"detail":{"data":-1,"status":400},"error":"Request failed with status code 400","friendly":"ThingSpeak rejected the request (400). Verify channel ID and READ API key match and the channel is public or key has read access.","level":"error","message":"Failed to get latest feed","timestamp":"2025-09-03T23:37:01.747Z"}
{"detail":{"data":-1,"status":400},"error":"Request failed with status code 400","friendly":"ThingSpeak rejected the request (400). Verify channel ID and READ API key match and the channel is public or key has read access.","level":"error","message":"Failed to get latest feed","timestamp":"2025-09-03T23:37:53.446Z"}
{"detail":{"data":-1,"status":400},"error":"Request failed with status code 400","friendly":"ThingSpeak rejected the request (400). Verify channel ID and READ API key match and the channel is public or key has read access.","level":"error","message":"Failed to get latest feed (no stale cache available)","timestamp":"2025-09-04T00:13:16.206Z"}
{"detail":{"data":-1,"status":400},"error":"Request failed with status code 400","friendly":"ThingSpeak rejected the request (400). Verify channel ID and READ API key match and the channel is public or key has read access.","level":"error","message":"Failed to get latest feed (no stale cache available)","timestamp":"2025-09-04T00:18:16.221Z"}
